<?xml version="1.0" encoding="UTF-8"?>
<!-- Generated by org.testng.reporters.JUnitReportReporter -->
<testsuite hostname="NCSIND9050D6BC0" failures="0" tests="4" name="com.expedia.Tests.HomePageTest" time="16.576" errors="0" timestamp="2024-04-11T11:43:48 IST" skipped="0">
  <testcase classname="com.expedia.Tests.HomePageTest" name="moreTravelOptionDDTTest" time="3.473"/>
  <system-out/>
  <testcase classname="com.expedia.Tests.HomePageTest" name="moreTravelOptionDDTTest" time="3.744"/>
  <system-out/>
  <testcase classname="com.expedia.Tests.HomePageTest" name="moreTravelOptionDDTTest" time="3.316"/>
  <system-out/>
  <testcase classname="com.expedia.Tests.HomePageTest" name="moreTravelOptionDDTTest" time="6.043"/>
  <system-out/>
</testsuite> <!-- com.expedia.Tests.HomePageTest -->
